<?xml version="1.0" encoding="UTF-8"?>
<!-- Generated by org.testng.reporters.JUnitReportReporter -->
<testsuite hostname="DESKTOP-MD0BEV7" failures="0" tests="1" name="CustomerCare.CustomerCareTesting" time="21.829" errors="0" timestamp="4 Feb 2025 11:01:25 GMT">
  <testcase classname="CustomerCare.CustomerCareTesting" name="navigateToNetSingularity" time="21.829"/>
</testsuite> <!-- CustomerCare.CustomerCareTesting -->
