<?xml version="1.0" encoding="UTF-8"?>
<!-- Generated by org.testng.reporters.JUnitReportReporter -->
<testsuite hostname="DESKTOP-O2J3PDA" failures="0" tests="31" name="Application.VerifyApplication" time="551.013" errors="0" timestamp="4 May 2025 12:29:46 GMT">
  <testcase classname="Application.VerifyApplication" name="getVerifyTextApplication" time="6.213"/>
  <testcase classname="Application.VerifyApplication" name="clickHRMSApplication" time="12.294"/>
  <testcase classname="Application.VerifyApplication" name="getEntitygridValidate" time="0.335"/>
  <testcase classname="Application.VerifyApplication" name="ClickOnadvanceSettings" time="31.413"/>
  <testcase classname="Application.VerifyApplication" name="getSearchResultText" time="1.480"/>
  <testcase classname="Application.VerifyApplication" name="getDatasetValidation" time="1.275"/>
  <testcase classname="Application.VerifyApplication" name="ClickonDatasetTableNextButton" time="7.414"/>
  <testcase classname="Application.VerifyApplication" name="getTableValidation" time="1.798"/>
  <testcase classname="Application.VerifyApplication" name="ClickonDatasetActionButton" time="12.079"/>
  <testcase classname="Application.VerifyApplication" name="verifyDatasetName" time="18.180"/>
  <testcase classname="Application.VerifyApplication" name="getTextOfAddministration" time="10.666"/>
  <testcase classname="Application.VerifyApplication" name="getMicroIntentsGridValidate" time="1.135"/>
  <testcase classname="Application.VerifyApplication" name="clickonApplicationSearch" time="24.660"/>
  <testcase classname="Application.VerifyApplication" name="verifyMicroIntent" time="16.424"/>
  <testcase classname="Application.VerifyApplication" name="clickonDataSetTab" time="4.501"/>
  <testcase classname="Application.VerifyApplication" name="clickonMicroIntentTab" time="7.470"/>
  <testcase classname="Application.VerifyApplication" name="ClickScrollDown" time="263.400"/>
  <testcase classname="Application.VerifyApplication" name="clickonColumnName" time="13.047"/>
  <testcase classname="Application.VerifyApplication" name="VerifyServiceName" time="13.264"/>
  <testcase classname="Application.VerifyApplication" name="ClickOnServiceTab" time="4.544"/>
  <testcase classname="Application.VerifyApplication" name="verifyApplicationName" time="12.403"/>
  <testcase classname="Application.VerifyApplication" name="clickonEntities" time="4.479"/>
  <testcase classname="Application.VerifyApplication" name="clickSetting" time="20.991"/>
  <testcase classname="Application.VerifyApplication" name="getSearchResultTexts" time="2.102"/>
  <testcase classname="Application.VerifyApplication" name="clickonMicroIntentActionButton" time="8.921"/>
  <testcase classname="Application.VerifyApplication" name="clickonEntitiesSearch" time="7.521"/>
  <testcase classname="Application.VerifyApplication" name="clicksearchResult" time="4.543"/>
  <testcase classname="Application.VerifyApplication" name="clickonEntitiesActionButton" time="15.655"/>
  <testcase classname="Application.VerifyApplication" name="clickApplicationIcon" time="10.952"/>
  <testcase classname="Application.VerifyApplication" name="clickAddministrationIcon" time="9.190"/>
  <testcase classname="Application.VerifyApplication" name="getDatasetTableGridValidation" time="2.664"/>
</testsuite> <!-- Application.VerifyApplication -->
