<?xml version="1.0" encoding="UTF-8"?>
<!-- Generated by org.testng.reporters.JUnitReportReporter -->
<testsuite hostname="DESKTOP-O2J3PDA" failures="0" tests="12" name="X101TestCases.Verifyx101" time="107.467" errors="0" timestamp="24 Mar 2025 07:01:04 GMT">
  <testcase classname="X101TestCases.Verifyx101" name="clickondropdownFailrequest" time="10.775"/>
  <testcase classname="X101TestCases.Verifyx101" name="clickonsearchbuttonfailrequest" time="10.653"/>
  <testcase classname="X101TestCases.Verifyx101" name="verifyTableHeaders" time="0.095"/>
  <testcase classname="X101TestCases.Verifyx101" name="clickfailedRequest" time="10.553"/>
  <testcase classname="X101TestCases.Verifyx101" name="gettextVerify" time="20.662"/>
  <testcase classname="X101TestCases.Verifyx101" name="getSearchquestion" time="8.216"/>
  <testcase classname="X101TestCases.Verifyx101" name="clickweekFailedrequest" time="4.209"/>
  <testcase classname="X101TestCases.Verifyx101" name="validateOnDashboardTest" time="0.002"/>
  <testcase classname="X101TestCases.Verifyx101" name="getTestOfFailedRequest" time="11.254"/>
  <testcase classname="X101TestCases.Verifyx101" name="sidemenubar" time="4.327"/>
  <testcase classname="X101TestCases.Verifyx101" name="clickonFilterFailrequest" time="6.256"/>
  <testcase classname="X101TestCases.Verifyx101" name="navigateToNetSingularity" time="20.465"/>
</testsuite> <!-- X101TestCases.Verifyx101 -->
