<?xml version="1.0" encoding="UTF-8"?>
<!-- Generated by org.testng.reporters.JUnitReportReporter -->
<testsuite hostname="DESKTOP-MD0BEV7" failures="0" tests="2" name="Login.VerifyLogin" time="330.501" errors="0" timestamp="13 Jun 2025 06:05:34 GMT">
  <testcase classname="Login.VerifyLogin" name="verifyGetAllText" time="0.178"/>
  <testcase classname="Login.VerifyLogin" name="verifyQuestions" time="330.323"/>
</testsuite> <!-- Login.VerifyLogin -->
